2025-03-16 12:42:10,121 - progress_monitor - INFO - Research event: Started research on 'Artificial Intelligence in Healthcare' (Phase: planning)
2025-03-16 12:42:10,121 - progress_monitor - INFO - Research event: Planning research for 'Artificial Intelligence in Healthcare' (Phase: planning)
2025-03-16 12:42:10,121 - progress_monitor - INFO - Research event: Started research on 'Climate Change Mitigation Strategies' (Phase: planning)
2025-03-16 12:42:10,122 - progress_monitor - INFO - Research event: Planning research for 'Climate Change Mitigation Strategies' (Phase: planning)
2025-03-16 12:42:10,122 - progress_monitor - INFO - Research event: Started research on 'Blockchain Applications in Finance' (Phase: planning)
2025-03-16 12:42:10,122 - progress_monitor - INFO - Research event: Planning research for 'Blockchain Applications in Finance' (Phase: planning)
2025-03-16 12:42:13,126 - progress_monitor - INFO - Research event: Finalized research plan (Phase: planning)
2025-03-16 12:42:13,127 - progress_monitor - INFO - Research event: Finalized research plan (Phase: planning)
2025-03-16 12:42:13,127 - progress_monitor - INFO - Research event: Finalized research plan (Phase: planning)
2025-03-16 12:42:14,128 - progress_monitor - INFO - Research event: Searching for sources (Phase: searching)
2025-03-16 12:42:14,129 - progress_monitor - INFO - Research event: Searching for sources (Phase: searching)
2025-03-16 12:42:14,129 - progress_monitor - INFO - Research event: Searching for sources (Phase: searching)
2025-03-16 12:42:15,130 - progress_monitor - INFO - Research event: Found source 1 (Phase: searching)
2025-03-16 12:42:15,131 - progress_monitor - INFO - Research event: Found source 1 (Phase: searching)
2025-03-16 12:42:15,131 - progress_monitor - INFO - Research event: Found source 1 (Phase: searching)
2025-03-16 12:42:15,632 - progress_monitor - INFO - Research event: Found source 2 (Phase: searching)
2025-03-16 12:42:15,633 - progress_monitor - INFO - Research event: Found source 2 (Phase: searching)
2025-03-16 12:42:15,633 - progress_monitor - INFO - Research event: Found source 2 (Phase: searching)
2025-03-16 12:42:16,134 - progress_monitor - INFO - Research event: Found source 3 (Phase: searching)
2025-03-16 12:42:16,134 - progress_monitor - INFO - Research event: Found source 3 (Phase: searching)
2025-03-16 12:42:16,135 - progress_monitor - INFO - Research event: Found source 3 (Phase: searching)
2025-03-16 12:42:16,636 - progress_monitor - INFO - Research event: Found source 4 (Phase: searching)
2025-03-16 12:42:16,636 - progress_monitor - INFO - Research event: Found source 4 (Phase: searching)
2025-03-16 12:42:16,637 - progress_monitor - INFO - Research event: Found source 4 (Phase: searching)
2025-03-16 12:42:17,138 - progress_monitor - INFO - Research event: Found source 5 (Phase: searching)
2025-03-16 12:42:17,138 - progress_monitor - INFO - Research event: Found source 5 (Phase: searching)
2025-03-16 12:42:17,138 - progress_monitor - INFO - Research event: Found source 5 (Phase: searching)
2025-03-16 12:42:17,639 - progress_monitor - INFO - Research event: Completed source search (Phase: searching)
2025-03-16 12:42:17,639 - progress_monitor - INFO - Research event: Completed source search (Phase: searching)
2025-03-16 12:42:17,640 - progress_monitor - INFO - Research event: Completed source search (Phase: searching)
2025-03-16 12:42:18,641 - progress_monitor - INFO - Research event: Analyzing sources (Phase: analyzing)
2025-03-16 12:42:18,642 - progress_monitor - INFO - Research event: Analyzing sources (Phase: analyzing)
2025-03-16 12:42:18,642 - progress_monitor - INFO - Research event: Analyzing sources (Phase: analyzing)
2025-03-16 12:42:24,651 - progress_monitor - INFO - Research event: Completed source analysis (Phase: analyzing)
2025-03-16 12:42:24,651 - progress_monitor - INFO - Research event: Completed source analysis (Phase: analyzing)
2025-03-16 12:42:24,652 - progress_monitor - INFO - Research event: Completed source analysis (Phase: analyzing)
2025-03-16 12:42:25,653 - progress_monitor - INFO - Research event: Synthesizing information (Phase: synthesizing)
2025-03-16 12:42:25,653 - progress_monitor - INFO - Research event: Synthesizing information (Phase: synthesizing)
2025-03-16 12:42:25,653 - progress_monitor - INFO - Research event: Synthesizing information (Phase: synthesizing)
2025-03-16 12:42:26,655 - progress_monitor - INFO - Research event: Synthesizing information for Healthcare (Phase: synthesizing)
2025-03-16 12:42:26,655 - progress_monitor - INFO - Research event: Synthesizing information for Healthcare (Phase: synthesizing)
2025-03-16 12:42:26,655 - progress_monitor - INFO - Research event: Synthesizing information for Healthcare (Phase: synthesizing)
2025-03-16 12:42:27,657 - progress_monitor - INFO - Research event: Synthesizing information for Transportation (Phase: synthesizing)
2025-03-16 12:42:27,657 - progress_monitor - INFO - Research event: Synthesizing information for Transportation (Phase: synthesizing)
2025-03-16 12:42:27,658 - progress_monitor - INFO - Research event: Synthesizing information for Transportation (Phase: synthesizing)
2025-03-16 12:42:28,659 - progress_monitor - INFO - Research event: Synthesizing information for Education (Phase: synthesizing)
2025-03-16 12:42:28,660 - progress_monitor - INFO - Research event: Synthesizing information for Education (Phase: synthesizing)
2025-03-16 12:42:28,660 - progress_monitor - INFO - Research event: Synthesizing information for Education (Phase: synthesizing)
2025-03-16 12:42:29,661 - progress_monitor - INFO - Research event: Synthesizing information for Finance (Phase: synthesizing)
2025-03-16 12:42:29,662 - progress_monitor - INFO - Research event: Synthesizing information for Finance (Phase: synthesizing)
2025-03-16 12:42:29,662 - progress_monitor - INFO - Research event: Synthesizing information for Finance (Phase: synthesizing)
2025-03-16 12:42:31,665 - progress_monitor - INFO - Research event: Generating report (Phase: report_generation)
2025-03-16 12:42:31,665 - progress_monitor - INFO - Research event: Generating report (Phase: report_generation)
2025-03-16 12:42:31,665 - progress_monitor - INFO - Research event: Generating report (Phase: report_generation)
2025-03-16 12:42:36,175 - progress_monitor - INFO - Research event: Research completed successfully (Phase: completed)
2025-03-16 12:42:36,177 - progress_monitor - INFO - Research event: Research completed successfully (Phase: completed)
2025-03-16 12:42:36,180 - progress_monitor - INFO - Research event: Research completed successfully (Phase: completed)
